<?xml version="1.0" encoding="UTF-8"?>
<!-- Generated by org.testng.reporters.JUnitXMLReporter -->
<testsuite ignored="0" hostname="DESKTOP-J1K0JQ3" failures="1" tests="1" name="BankingApp Test" time="12.024" errors="0" timestamp="2023-11-26T16:29:47 CET">
  <testcase classname="com.banking.testCases.TC_LoginTest_001" name="loginTest" time="1.704">
    <failure type="java.lang.AssertionError" message="expected [true] but found [false]">
      <![CDATA[java.lang.AssertionError: expected [true] but found [false]
at com.banking.testCases.TC_LoginTest_001.loginTest(TC_LoginTest_001.java:28)
at java.base/java.util.ArrayList.forEach(ArrayList.java:1511)
... Removed 31 stack frames]]>
    </failure>
  </testcase> <!-- loginTest -->
</testsuite> <!-- BankingApp Test -->
